16-08-2019 17:36:40 | System.Data.SqlClient.SqlException (0x80131904): Sintaxis incorrecta cerca de '?'.
Debe declarar la variable escalar '@sueldo_mensual'.
Sintaxis incorrecta cerca de '?'.
Debe declarar la variable escalar '@estado'.
   en System.Data.SqlClient.SqlConnection.OnError(SqlException exception, Boolean breakConnection, Action`1 wrapCloseInAction)
   en System.Data.SqlClient.SqlInternalConnection.OnError(SqlException exception, Boolean breakConnection, Action`1 wrapCloseInAction)
   en System.Data.SqlClient.TdsParser.ThrowExceptionAndWarning(TdsParserStateObject stateObj, Boolean callerHasConnectionLock, Boolean asyncClose)
   en System.Data.SqlClient.TdsParser.TryRun(RunBehavior runBehavior, SqlCommand cmdHandler, SqlDataReader dataStream, BulkCopySimpleResultSet bulkCopyHandler, TdsParserStateObject stateObj, Boolean& dataReady)
   en System.Data.SqlClient.SqlCommand.RunExecuteNonQueryTds(String methodName, Boolean async, Int32 timeout, Boolean asyncWrite)
   en System.Data.SqlClient.SqlCommand.InternalExecuteNonQuery(TaskCompletionSource`1 completion, String methodName, Boolean sendToPipe, Int32 timeout, Boolean& usedCache, Boolean asyncWrite, Boolean inRetry)
   en System.Data.SqlClient.SqlCommand.ExecuteNonQuery()
   en Instalador.Form1.BwProgress_DoWork(Object sender, DoWorkEventArgs e) en C:\Users\Martin\Desktop\testgit\WinAct\WindowsFormsApp1\Form1.cs:línea 164
ClientConnectionId:2af79ff3-a3dd-4fd2-9488-de63c318a6ef
Error Number:102,State:1,Class:15 Fallo en : 
CREATE PROCEDURE [dbo].[sp_wf_solicitud_mod_ing]
	@cod_empresa			int,
	@cod_planta				int,
	@folio					int,
	@fecha_sol				datetime,
	@tipo					varchar(60),
	@nro_solicitante		int,
	@solicitante			varchar(70),
	@solic_cargo			varchar(50),
	@solic_vicerr			varchar(50),
	@jefatura				varchar(70),
	@jefa_cargo				varchar(50),
	@nro_colaborador		int,
	@dv_colaborador			varchar(1),
	@sede					varchar(50),
	@colaborador			varchar(70),
	@colabo_cargo			varchar(50),
	@cod_cargo				int,
	@cargo_trabajador		varchar(50),
	@cod_jornada			int,
	@jornada				varchar(70),
	@cod_sucursal			int,
	@sucursal				varchar(50),
	@cod_centro_costo		int,
	@centro_costo			varchar(70),
	@cod_unidad_adminis		int,
	@unidad_administrat		varchar(40),
	@dependencia			varchar(50),
	@vicerrector?a			varchar(50),
	@fecha_termino			datetime,
	@codigo_tipo_contra		varchar(1),
	@codigo_tipo_conta		varchar(10),
	@sueldo_mensual_act		decimal(13, 4),
	@sueldo_mensual			decimal(13, 4),
	@porc_aumento			decimal(12, 2),
	@movilizacion			decimal(18, 4),
	@alimentacion			decimal(18, 4),
	@gratificacion			decimal(18, 4),
	@total_haberes			decimal(18, 4),
	@fecha_ini_mod			datetime,
	@observacion			varchar(300),
	@estado					varchar(30),
	@usuario_ing			int,
	@cod_movilizacion		varchar(5) ,
	@cod_colacion			varchar(5)
AS
declare @nind_app_rector int
BEGIN TRANSACTION

		if @folio IS NULL
		begin
				if (SELECT COUNT(*) FROM vsipweb_contratos ) = 0
				begin
					SELECT @folio  = 1
				end	
				else
				begin
					SELECT @folio = MAX(folio) + 1 FROM vsipweb_contratos
				end
		end
		else
		begin
				delete from sipweb_wf_solicitudmodifica 
				where	folio		= @folio
		end

		select @nind_app_rector = 0

		if ( @sueldo_mensual is not NULL
			or @movilizacion is not null 
			or @alimentacion != ''
			or @gratificacion is not null )
		begin
					select @nind_app_rector = 1
		end
			

		insert into sipweb_wf_solicitudmodifica( cod_empresa,
				 cod_planta,
				 folio,
				 fecha_sol,
				 tipo,
				 nro_solicitante,
				 solicitante,
				 solic_cargo,
				 solic_vicerr,
				 jefatura,
				 jefa_cargo,
				 nro_colaborador,
				 dv_colaborador,
				 sede,
				 colaborador,
				 colabo_cargo,
				 cod_cargo,
				 cargo_trabajador,
				 cod_jornada,
				 jornada,
				 cod_sucursal,
				 sucursal,
				 cod_centro_costo,
				 centro_costo,
				 cod_unidad_adminis,
				 unidad_administrat,
				 dependencia,
				 vicerrector?a,
				 fecha_termino,
				 codigo_tipo_contra,
				 codigo_tipo_conta,
				 sueldo_mensual_act,
				 sueldo_mensual,
				 porc_aumento,
				 movilizacion,
				 alimentacion,
				 gratificacion,
				 total_haberes,
				 fecha_ini_mod,
				 observacion,
				 estado,
				 usuario_ing,
				 ind_app_rector,
					cod_movilizacion,
					cod_colacion )
		values ( @cod_empresa,
				 @cod_planta,
				 @folio,
				 @fecha_sol,
				 @tipo,
				 @nro_solicitante,
				 @solicitante,
				 @solic_cargo,
				 @solic_vicerr,
				 @jefatura,
				 @jefa_cargo,
				 @nro_colaborador,
				 @dv_colaborador,
				 @sede,
				 @colaborador,
				 @colabo_cargo,
				 @cod_cargo,
				 @cargo_trabajador,
				 @cod_jornada,
				 @jornada,
				 @cod_sucursal,
				 @sucursal,
				 @cod_centro_costo,
				 @centro_costo,
				 @cod_unidad_adminis,
				 @unidad_administrat,
				 @dependencia,
				 @vicerrector?a,
				 @fecha_termino,
				 @codigo_tipo_contra,
				 @codigo_tipo_conta,
				 @sueldo_mensual_act,
				 @sueldo_mensual,
				 @porc_aumento,
				 @movilizacion,
				 @alimentacion,
				 @gratificacion,
				 @total_haberes,
				 @fecha_ini_mod,
				 @observacion,
				 @estado,
				 @usuario_ing,
				 @nind_app_rector,
				 @cod_movilizacion,
			  	@cod_colacion)


		insert into sipweb_wf_logsolicitud(
					cod_empresa,
					cod_planta,
					folio,
					estado,
					observacion,
					usuario,
					fecha )
			values(	@cod_empresa,
					@cod_planta,
					@folio,
					@estado,
					@observacion,
					@jefatura,
					getdate() )


COMMIT TRANSACTION

RETURN @folio
 En el Script the nombre : Alt6_SipWeb_Sql68.sql
